WinBatch (2016.11.8) Test start 2022-01-21 12:51:36. End 2022-01-21 12:51:39. Used 00:00:03. Test status Started
================================================================================
Execute full name;Test item;Number;Start style;Execute sequence;Time out;Windows style;Retest;Wait time;Start time;End time;Used time;Status
D:\SE\Production_data\4_Product\Endor\BFT\TP\WinBatch\BIOSCHK\BIOSCHK.bat;BIOSCHK;1;1;1;0;1;00:00:00;2022-01-21 12:51:36;00:00:00;00:00:03;Failed
D:\SE\Production_data\4_Product\Endor\BFT\TP\WinBatch\COMTEST\COMTEST.bat;COMTEST;2;1;2;0;1;00:00:00;2022-01-21 12:51:36;00:00:00;00:00:03;Failed
D:\SE\Production_data\4_Product\Endor\BFT\TP\WinBatch\CORETEMP\CORETEMP.bat;CORETEMP;3;1;3;0;1;00:00:00;2022-01-21 12:51:36;00:00:00;00:00:03;Start
D:\SE\Production_data\4_Product\Endor\BFT\TP\WinBatch\BATTERYTEST\BATTERYTEST.bat;BATTERYTEST;4;1;4;0;1;00:00:00;2022-01-21 12:51:37;00:00:00;00:00:02;Failed
D:\SE\Production_data\4_Product\Endor\BFT\TP\WinBatch\CPLTEST\CPLTEST.bat;CPLTEST;5;0;5;0;0;00:00:00;00:00:00;00:00:00;00:00:00;Pending
D:\SE\Production_data\4_Product\Endor\BFT\TP\WinBatch\CPU\CPU.bat;CPU;6;1;6;0;1;00:00:00;2022-01-21 12:51:37;00:00:00;00:00:02;Failed
D:\SE\Production_data\4_Product\Endor\BFT\TP\WinBatch\DIMM\DIMM.bat;DIMM;7;1;7;0;1;00:00:00;2022-01-21 12:51:37;00:00:00;00:00:02;Failed
D:\SE\Production_data\4_Product\Endor\BFT\TP\WinBatch\HealthManager\HealthManager.bat;HealthManager;8;0;8;0;0;00:00:00;00:00:00;00:00:00;00:00:00;Pending
D:\SE\Production_data\4_Product\Endor\BFT\TP\WinBatch\LANTEST\LANTEST.bat;LANTEST;9;1;9;0;1;00:00:00;2022-01-21 12:51:37;00:00:00;00:00:02;Failed
D:\SE\Production_data\4_Product\Endor\BFT\TP\WinBatch\ME\ME.bat;ME;10;1;10;0;1;00:00:00;2022-01-21 12:51:37;00:00:00;00:00:02;Start
D:\SE\Production_data\4_Product\Endor\BFT\TP\WinBatch\SensorCHK\SensorCHK.bat;SensorCHK;11;1;11;0;1;00:00:00;2022-01-21 12:51:37;00:00:00;00:00:02;Failed
D:\SE\Production_data\4_Product\Endor\BFT\TP\WinBatch\SSD\SSD.bat;SSD;12;1;12;0;1;00:00:00;2022-01-21 12:51:37;00:00:00;00:00:02;Failed
D:\SE\Production_data\4_Product\Endor\BFT\TP\WinBatch\DSTCHK\DSTCHK.BAT;DSTCHK;13;1;13;0;1;00:00:00;2022-01-21 12:51:37;2022-01-21 12:51:39;00:00:02;Passed
D:\SE\Production_data\4_Product\Endor\BFT\TP\WinBatch\TIMECHK\TIMECHK.bat;TIMECHK;14;0;14;0;0;00:00:00;00:00:00;00:00:00;00:00:00;Pending
D:\SE\Production_data\4_Product\Endor\BFT\TP\WinBatch\TPMCHK\TPMCHK.bat;TPMCHK;15;1;15;0;1;00:00:00;2022-01-21 12:51:37;00:00:00;00:00:02;Failed
D:\SE\Production_data\4_Product\Endor\BFT\TP\WinBatch\USB\USB.bat;USB;16;1;16;0;1;00:00:00;2022-01-21 12:51:37;00:00:00;00:00:02;Start
D:\SE\Production_data\4_Product\Endor\BFT\TP\WinBatch\WIFI\WIFI.bat;WIFI;17;1;17;0;1;00:00:00;2022-01-21 12:51:37;00:00:00;00:00:02;Failed
D:\SE\Production_data\4_Product\Endor\BFT\TP\WinBatch\TYPECFWCHK\TYPECFWCHK.BAT;TYPECFWCHK;18;0;18;0;0;00:00:00;00:00:00;00:00:00;00:00:00;Pending
D:\SE\Production_data\4_Product\Endor\BFT\TP\WinBatch\VOLTEST\VOLTEST.bat;VOLTEST;19;0;19;0;0;00:00:00;00:00:00;00:00:00;00:00:00;Pending
D:\SE\Production_data\4_Product\Endor\BFT\TP\WinBatch\RGB\RGB.bat;RGB;20;0;20;0;0;00:00:00;00:00:00;00:00:00;00:00:00;Pending
D:\SE\Production_data\4_Product\Endor\BFT\TP\WinBatch\AUDIO\AUDIO.bat;AUDIO;21;0;21;0;0;00:00:00;00:00:00;00:00:00;00:00:00;Pending
D:\SE\Production_data\4_Product\Endor\BFT\TP\WinBatch\WRITEVPD\WRITEVPD.BAT;WRITEVPD;22;0;22;0;0;00:00:00;00:00:00;00:00:00;00:00:00;Pending
D:\SE\Production_data\4_Product\Endor\BFT\TP\WinBatch\CLRLOG\CLRLOG.BAT;CLRLOG;23;0;23;0;0;00:00:00;00:00:00;00:00:00;00:00:00;Pending